<?xml version="1.0" encoding="UTF-8"?>
<testsuite xmlns:xsi="http://www.w3.org/2001/XMLSchema-instance" xsi:noNamespaceSchemaLocation="https://maven.apache.org/surefire/maven-surefire-plugin/xsd/surefire-test-report-3.0.xsd" version="3.0" name="ec.epn.edu.git.calculator.CalculatorTest" time="0.04" tests="4" errors="0" skipped="0" failures="0">
  <properties>
[...]
</properties>
  <testcase name="given_two_integers_when_addition_then_ok" classname="ec.epn.edu.git.calculator.CalculatorTest" time="0.001">
    <system-out><![CDATA[SetUpClean()
setUp()
Test 1
tearDown()
]]></system-out>
  </testcase>
  <testcase name="given_two_integers_when_multiplication_then_ok" classname="ec.epn.edu.git.calculator.CalculatorTest" time="0.006">
    <system-out><![CDATA[setUp()
Test 4
tearDown()
]]></system-out>
  </testcase>
  <testcase name="given_two_integers_when_division_then_ok" classname="ec.epn.edu.git.calculator.CalculatorTest" time="0.003">
    <system-out><![CDATA[setUp()
tearDown()
]]></system-out>
  </testcase>
  <testcase name="given_two_integers_when_subtraction_then_ok" classname="ec.epn.edu.git.calculator.CalculatorTest" time="0.014">
    <system-out><![CDATA[setUp()
Test 2
tearDown()
]]></system-out>
  </testcase>
</testsuite>